2018-02-20 15:36:59,645  INFO (main:com.aaa.report.ConfigFileReadWrite:read:146) - fileName = resources/cignitiReporter.properties
2018-02-20 15:36:59,645  INFO (main:com.aaa.report.ConfigFileReadWrite:read:147) - key = emBaseUrl
2018-02-20 15:36:59,645  INFO (main:com.aaa.report.ConfigFileReadWrite:read:146) - fileName = resources/cignitiReporter.properties
2018-02-20 15:36:59,645  INFO (main:com.aaa.report.ConfigFileReadWrite:read:147) - key = ncBaseUrl
2018-02-20 15:36:59,645  INFO (main:com.aaa.report.ConfigFileReadWrite:read:146) - fileName = resources/cignitiReporter.properties
2018-02-20 15:36:59,645  INFO (main:com.aaa.report.ConfigFileReadWrite:read:147) - key = callReceivingURL
2018-02-20 15:36:59,645  INFO (main:com.aaa.report.ConfigFileReadWrite:read:146) - fileName = resources/cignitiReporter.properties
2018-02-20 15:36:59,645  INFO (main:com.aaa.report.ConfigFileReadWrite:read:147) - key = dispatchURL
2018-02-20 15:36:59,645  INFO (main:com.aaa.report.ConfigFileReadWrite:read:146) - fileName = resources/cignitiReporter.properties
2018-02-20 15:36:59,645  INFO (main:com.aaa.report.ConfigFileReadWrite:read:147) - key = RSOWebURL
2018-02-20 15:36:59,645  INFO (main:com.aaa.report.ConfigFileReadWrite:read:146) - fileName = resources/cignitiReporter.properties
2018-02-20 15:36:59,645  INFO (main:com.aaa.report.ConfigFileReadWrite:read:147) - key = RSOWebURLMestag
2018-02-20 15:36:59,645  INFO (main:com.aaa.report.ConfigFileReadWrite:read:146) - fileName = resources/cignitiReporter.properties
2018-02-20 15:36:59,645  INFO (main:com.aaa.report.ConfigFileReadWrite:read:147) - key = emBaseUrl
2018-02-20 15:36:59,645  INFO (main:com.aaa.report.ConfigFileReadWrite:read:146) - fileName = resources/cignitiReporter.properties
2018-02-20 15:36:59,645  INFO (main:com.aaa.report.ConfigFileReadWrite:read:147) - key = ncBaseUrl
2018-02-20 15:36:59,645  INFO (main:com.aaa.report.ConfigFileReadWrite:read:146) - fileName = resources/cignitiReporter.properties
2018-02-20 15:36:59,645  INFO (main:com.aaa.report.ConfigFileReadWrite:read:147) - key = callReceivingURL
2018-02-20 15:36:59,661  INFO (main:com.aaa.report.ConfigFileReadWrite:read:146) - fileName = resources/cignitiReporter.properties
2018-02-20 15:36:59,661  INFO (main:com.aaa.report.ConfigFileReadWrite:read:147) - key = dispatchURL
2018-02-20 15:36:59,661  INFO (main:com.aaa.report.ConfigFileReadWrite:read:146) - fileName = resources/cignitiReporter.properties
2018-02-20 15:36:59,661  INFO (main:com.aaa.report.ConfigFileReadWrite:read:147) - key = RSOWebURL
2018-02-20 15:36:59,661  INFO (main:com.aaa.report.ConfigFileReadWrite:read:146) - fileName = resources/cignitiReporter.properties
2018-02-20 15:36:59,661  INFO (main:com.aaa.report.ConfigFileReadWrite:read:147) - key = RSOWebURLMestag
2018-02-20 15:36:59,661  INFO (main:com.aaa.report.ConfigFileReadWrite:read:146) - fileName = resources/cignitiReporter.properties
2018-02-20 15:36:59,661  INFO (main:com.aaa.report.ConfigFileReadWrite:read:147) - key = emBaseUrl
2018-02-20 15:36:59,661  INFO (main:com.aaa.report.ConfigFileReadWrite:read:146) - fileName = resources/cignitiReporter.properties
2018-02-20 15:36:59,661  INFO (main:com.aaa.report.ConfigFileReadWrite:read:147) - key = ncBaseUrl
2018-02-20 15:36:59,661  INFO (main:com.aaa.report.ConfigFileReadWrite:read:146) - fileName = resources/cignitiReporter.properties
2018-02-20 15:36:59,661  INFO (main:com.aaa.report.ConfigFileReadWrite:read:147) - key = callReceivingURL
2018-02-20 15:36:59,661  INFO (main:com.aaa.report.ConfigFileReadWrite:read:146) - fileName = resources/cignitiReporter.properties
2018-02-20 15:36:59,661  INFO (main:com.aaa.report.ConfigFileReadWrite:read:147) - key = dispatchURL
2018-02-20 15:36:59,661  INFO (main:com.aaa.report.ConfigFileReadWrite:read:146) - fileName = resources/cignitiReporter.properties
2018-02-20 15:36:59,661  INFO (main:com.aaa.report.ConfigFileReadWrite:read:147) - key = RSOWebURL
2018-02-20 15:36:59,661  INFO (main:com.aaa.report.ConfigFileReadWrite:read:146) - fileName = resources/cignitiReporter.properties
2018-02-20 15:36:59,661  INFO (main:com.aaa.report.ConfigFileReadWrite:read:147) - key = RSOWebURLMestag
2018-02-20 15:36:59,661  INFO (main:com.aaa.report.ConfigFileReadWrite:read:146) - fileName = resources/cignitiReporter.properties
2018-02-20 15:36:59,661  INFO (main:com.aaa.report.ConfigFileReadWrite:read:147) - key = emBaseUrl
2018-02-20 15:36:59,661  INFO (main:com.aaa.report.ConfigFileReadWrite:read:146) - fileName = resources/cignitiReporter.properties
2018-02-20 15:36:59,661  INFO (main:com.aaa.report.ConfigFileReadWrite:read:147) - key = ncBaseUrl
2018-02-20 15:36:59,661  INFO (main:com.aaa.report.ConfigFileReadWrite:read:146) - fileName = resources/cignitiReporter.properties
2018-02-20 15:36:59,661  INFO (main:com.aaa.report.ConfigFileReadWrite:read:147) - key = callReceivingURL
2018-02-20 15:36:59,661  INFO (main:com.aaa.report.ConfigFileReadWrite:read:146) - fileName = resources/cignitiReporter.properties
2018-02-20 15:36:59,661  INFO (main:com.aaa.report.ConfigFileReadWrite:read:147) - key = dispatchURL
2018-02-20 15:36:59,661  INFO (main:com.aaa.report.ConfigFileReadWrite:read:146) - fileName = resources/cignitiReporter.properties
2018-02-20 15:36:59,661  INFO (main:com.aaa.report.ConfigFileReadWrite:read:147) - key = RSOWebURL
2018-02-20 15:36:59,661  INFO (main:com.aaa.report.ConfigFileReadWrite:read:146) - fileName = resources/cignitiReporter.properties
2018-02-20 15:36:59,661  INFO (main:com.aaa.report.ConfigFileReadWrite:read:147) - key = RSOWebURLMestag
2018-02-20 15:37:00,535  INFO (main:com.aaa.report.ConfigFileReadWrite:read:146) - fileName = resources/cignitiReporter.properties
2018-02-20 15:37:00,535  INFO (main:com.aaa.report.ConfigFileReadWrite:read:147) - key = emBaseUrl
2018-02-20 15:37:00,535  INFO (main:com.aaa.report.ConfigFileReadWrite:read:146) - fileName = resources/cignitiReporter.properties
2018-02-20 15:37:00,535  INFO (main:com.aaa.report.ConfigFileReadWrite:read:147) - key = ncBaseUrl
2018-02-20 15:37:00,535  INFO (main:com.aaa.report.ConfigFileReadWrite:read:146) - fileName = resources/cignitiReporter.properties
2018-02-20 15:37:00,535  INFO (main:com.aaa.report.ConfigFileReadWrite:read:147) - key = callReceivingURL
2018-02-20 15:37:00,535  INFO (main:com.aaa.report.ConfigFileReadWrite:read:146) - fileName = resources/cignitiReporter.properties
2018-02-20 15:37:00,535  INFO (main:com.aaa.report.ConfigFileReadWrite:read:147) - key = dispatchURL
2018-02-20 15:37:00,535  INFO (main:com.aaa.report.ConfigFileReadWrite:read:146) - fileName = resources/cignitiReporter.properties
2018-02-20 15:37:00,535  INFO (main:com.aaa.report.ConfigFileReadWrite:read:147) - key = RSOWebURL
2018-02-20 15:37:00,535  INFO (main:com.aaa.report.ConfigFileReadWrite:read:146) - fileName = resources/cignitiReporter.properties
2018-02-20 15:37:00,535  INFO (main:com.aaa.report.ConfigFileReadWrite:read:147) - key = RSOWebURLMestag
2018-02-20 15:37:00,550  INFO (main:com.aaa.report.ConfigFileReadWrite:read:146) - fileName = resources/cignitiReporter.properties
2018-02-20 15:37:00,550  INFO (main:com.aaa.report.ConfigFileReadWrite:read:147) - key = emBaseUrl
2018-02-20 15:37:00,550  INFO (main:com.aaa.report.ConfigFileReadWrite:read:146) - fileName = resources/cignitiReporter.properties
2018-02-20 15:37:00,550  INFO (main:com.aaa.report.ConfigFileReadWrite:read:147) - key = ncBaseUrl
2018-02-20 15:37:00,550  INFO (main:com.aaa.report.ConfigFileReadWrite:read:146) - fileName = resources/cignitiReporter.properties
2018-02-20 15:37:00,550  INFO (main:com.aaa.report.ConfigFileReadWrite:read:147) - key = callReceivingURL
2018-02-20 15:37:00,550  INFO (main:com.aaa.report.ConfigFileReadWrite:read:146) - fileName = resources/cignitiReporter.properties
2018-02-20 15:37:00,550  INFO (main:com.aaa.report.ConfigFileReadWrite:read:147) - key = dispatchURL
2018-02-20 15:37:00,550  INFO (main:com.aaa.report.ConfigFileReadWrite:read:146) - fileName = resources/cignitiReporter.properties
2018-02-20 15:37:00,550  INFO (main:com.aaa.report.ConfigFileReadWrite:read:147) - key = RSOWebURL
2018-02-20 15:37:00,550  INFO (main:com.aaa.report.ConfigFileReadWrite:read:146) - fileName = resources/cignitiReporter.properties
2018-02-20 15:37:00,550  INFO (main:com.aaa.report.ConfigFileReadWrite:read:147) - key = RSOWebURLMestag
2018-02-20 15:37:00,550  INFO (main:com.aaa.report.ConfigFileReadWrite:read:146) - fileName = resources/cignitiReporter.properties
2018-02-20 15:37:00,550  INFO (main:com.aaa.report.ConfigFileReadWrite:read:147) - key = emBaseUrl
2018-02-20 15:37:00,550  INFO (main:com.aaa.report.ConfigFileReadWrite:read:146) - fileName = resources/cignitiReporter.properties
2018-02-20 15:37:00,550  INFO (main:com.aaa.report.ConfigFileReadWrite:read:147) - key = ncBaseUrl
2018-02-20 15:37:00,550  INFO (main:com.aaa.report.ConfigFileReadWrite:read:146) - fileName = resources/cignitiReporter.properties
2018-02-20 15:37:00,550  INFO (main:com.aaa.report.ConfigFileReadWrite:read:147) - key = callReceivingURL
2018-02-20 15:37:00,550  INFO (main:com.aaa.report.ConfigFileReadWrite:read:146) - fileName = resources/cignitiReporter.properties
2018-02-20 15:37:00,550  INFO (main:com.aaa.report.ConfigFileReadWrite:read:147) - key = dispatchURL
2018-02-20 15:37:00,550  INFO (main:com.aaa.report.ConfigFileReadWrite:read:146) - fileName = resources/cignitiReporter.properties
2018-02-20 15:37:00,550  INFO (main:com.aaa.report.ConfigFileReadWrite:read:147) - key = RSOWebURL
2018-02-20 15:37:00,550  INFO (main:com.aaa.report.ConfigFileReadWrite:read:146) - fileName = resources/cignitiReporter.properties
2018-02-20 15:37:00,550  INFO (main:com.aaa.report.ConfigFileReadWrite:read:147) - key = RSOWebURLMestag
2018-02-20 15:37:00,550  INFO (main:com.aaa.report.ConfigFileReadWrite:read:146) - fileName = resources/cignitiReporter.properties
2018-02-20 15:37:00,551  INFO (main:com.aaa.report.ConfigFileReadWrite:read:147) - key = emBaseUrl
2018-02-20 15:37:00,551  INFO (main:com.aaa.report.ConfigFileReadWrite:read:146) - fileName = resources/cignitiReporter.properties
2018-02-20 15:37:00,551  INFO (main:com.aaa.report.ConfigFileReadWrite:read:147) - key = ncBaseUrl
2018-02-20 15:37:00,551  INFO (main:com.aaa.report.ConfigFileReadWrite:read:146) - fileName = resources/cignitiReporter.properties
2018-02-20 15:37:00,551  INFO (main:com.aaa.report.ConfigFileReadWrite:read:147) - key = callReceivingURL
2018-02-20 15:37:00,551  INFO (main:com.aaa.report.ConfigFileReadWrite:read:146) - fileName = resources/cignitiReporter.properties
2018-02-20 15:37:00,551  INFO (main:com.aaa.report.ConfigFileReadWrite:read:147) - key = dispatchURL
2018-02-20 15:37:00,551  INFO (main:com.aaa.report.ConfigFileReadWrite:read:146) - fileName = resources/cignitiReporter.properties
2018-02-20 15:37:00,551  INFO (main:com.aaa.report.ConfigFileReadWrite:read:147) - key = RSOWebURL
2018-02-20 15:37:00,551  INFO (main:com.aaa.report.ConfigFileReadWrite:read:146) - fileName = resources/cignitiReporter.properties
2018-02-20 15:37:00,551  INFO (main:com.aaa.report.ConfigFileReadWrite:read:147) - key = RSOWebURLMestag
2018-02-20 15:37:00,551  INFO (main:com.aaa.report.ConfigFileReadWrite:read:146) - fileName = resources/cignitiReporter.properties
2018-02-20 15:37:00,551  INFO (main:com.aaa.report.ConfigFileReadWrite:read:147) - key = emBaseUrl
2018-02-20 15:37:00,551  INFO (main:com.aaa.report.ConfigFileReadWrite:read:146) - fileName = resources/cignitiReporter.properties
2018-02-20 15:37:00,551  INFO (main:com.aaa.report.ConfigFileReadWrite:read:147) - key = ncBaseUrl
2018-02-20 15:37:00,551  INFO (main:com.aaa.report.ConfigFileReadWrite:read:146) - fileName = resources/cignitiReporter.properties
2018-02-20 15:37:00,551  INFO (main:com.aaa.report.ConfigFileReadWrite:read:147) - key = callReceivingURL
2018-02-20 15:37:00,551  INFO (main:com.aaa.report.ConfigFileReadWrite:read:146) - fileName = resources/cignitiReporter.properties
2018-02-20 15:37:00,551  INFO (main:com.aaa.report.ConfigFileReadWrite:read:147) - key = dispatchURL
2018-02-20 15:37:00,551  INFO (main:com.aaa.report.ConfigFileReadWrite:read:146) - fileName = resources/cignitiReporter.properties
2018-02-20 15:37:00,551  INFO (main:com.aaa.report.ConfigFileReadWrite:read:147) - key = RSOWebURL
2018-02-20 15:37:00,551  INFO (main:com.aaa.report.ConfigFileReadWrite:read:146) - fileName = resources/cignitiReporter.properties
2018-02-20 15:37:00,551  INFO (main:com.aaa.report.ConfigFileReadWrite:read:147) - key = RSOWebURLMestag
2018-02-20 15:37:00,551  INFO (main:com.aaa.report.ConfigFileReadWrite:read:146) - fileName = resources/cignitiReporter.properties
2018-02-20 15:37:00,551  INFO (main:com.aaa.report.ConfigFileReadWrite:read:147) - key = emBaseUrl
2018-02-20 15:37:00,567  INFO (main:com.aaa.report.ConfigFileReadWrite:read:146) - fileName = resources/cignitiReporter.properties
2018-02-20 15:37:00,567  INFO (main:com.aaa.report.ConfigFileReadWrite:read:147) - key = ncBaseUrl
2018-02-20 15:37:00,582  INFO (main:com.aaa.report.ConfigFileReadWrite:read:146) - fileName = resources/cignitiReporter.properties
2018-02-20 15:37:00,582  INFO (main:com.aaa.report.ConfigFileReadWrite:read:147) - key = callReceivingURL
2018-02-20 15:37:00,582  INFO (main:com.aaa.report.ConfigFileReadWrite:read:146) - fileName = resources/cignitiReporter.properties
2018-02-20 15:37:00,582  INFO (main:com.aaa.report.ConfigFileReadWrite:read:147) - key = dispatchURL
2018-02-20 15:37:00,582  INFO (main:com.aaa.report.ConfigFileReadWrite:read:146) - fileName = resources/cignitiReporter.properties
2018-02-20 15:37:00,582  INFO (main:com.aaa.report.ConfigFileReadWrite:read:147) - key = RSOWebURL
2018-02-20 15:37:00,582  INFO (main:com.aaa.report.ConfigFileReadWrite:read:146) - fileName = resources/cignitiReporter.properties
2018-02-20 15:37:00,582  INFO (main:com.aaa.report.ConfigFileReadWrite:read:147) - key = RSOWebURLMestag
2018-02-20 15:37:00,582  INFO (main:com.aaa.report.ConfigFileReadWrite:read:146) - fileName = resources/cignitiReporter.properties
2018-02-20 15:37:00,582  INFO (main:com.aaa.report.ConfigFileReadWrite:read:147) - key = emBaseUrl
2018-02-20 15:37:00,582  INFO (main:com.aaa.report.ConfigFileReadWrite:read:146) - fileName = resources/cignitiReporter.properties
2018-02-20 15:37:00,582  INFO (main:com.aaa.report.ConfigFileReadWrite:read:147) - key = ncBaseUrl
2018-02-20 15:37:00,582  INFO (main:com.aaa.report.ConfigFileReadWrite:read:146) - fileName = resources/cignitiReporter.properties
2018-02-20 15:37:00,582  INFO (main:com.aaa.report.ConfigFileReadWrite:read:147) - key = callReceivingURL
2018-02-20 15:37:00,582  INFO (main:com.aaa.report.ConfigFileReadWrite:read:146) - fileName = resources/cignitiReporter.properties
2018-02-20 15:37:00,582  INFO (main:com.aaa.report.ConfigFileReadWrite:read:147) - key = dispatchURL
2018-02-20 15:37:00,582  INFO (main:com.aaa.report.ConfigFileReadWrite:read:146) - fileName = resources/cignitiReporter.properties
2018-02-20 15:37:00,582  INFO (main:com.aaa.report.ConfigFileReadWrite:read:147) - key = RSOWebURL
2018-02-20 15:37:00,582  INFO (main:com.aaa.report.ConfigFileReadWrite:read:146) - fileName = resources/cignitiReporter.properties
2018-02-20 15:37:00,582  INFO (main:com.aaa.report.ConfigFileReadWrite:read:147) - key = RSOWebURLMestag
2018-02-20 15:37:00,582  INFO (main:com.aaa.report.ConfigFileReadWrite:read:146) - fileName = resources/cignitiReporter.properties
2018-02-20 15:37:00,582  INFO (main:com.aaa.report.ConfigFileReadWrite:read:147) - key = emBaseUrl
2018-02-20 15:37:00,582  INFO (main:com.aaa.report.ConfigFileReadWrite:read:146) - fileName = resources/cignitiReporter.properties
2018-02-20 15:37:00,582  INFO (main:com.aaa.report.ConfigFileReadWrite:read:147) - key = ncBaseUrl
2018-02-20 15:37:00,582  INFO (main:com.aaa.report.ConfigFileReadWrite:read:146) - fileName = resources/cignitiReporter.properties
2018-02-20 15:37:00,582  INFO (main:com.aaa.report.ConfigFileReadWrite:read:147) - key = callReceivingURL
2018-02-20 15:37:00,582  INFO (main:com.aaa.report.ConfigFileReadWrite:read:146) - fileName = resources/cignitiReporter.properties
2018-02-20 15:37:00,582  INFO (main:com.aaa.report.ConfigFileReadWrite:read:147) - key = dispatchURL
2018-02-20 15:37:00,582  INFO (main:com.aaa.report.ConfigFileReadWrite:read:146) - fileName = resources/cignitiReporter.properties
2018-02-20 15:37:00,582  INFO (main:com.aaa.report.ConfigFileReadWrite:read:147) - key = RSOWebURL
2018-02-20 15:37:00,582  INFO (main:com.aaa.report.ConfigFileReadWrite:read:146) - fileName = resources/cignitiReporter.properties
2018-02-20 15:37:00,582  INFO (main:com.aaa.report.ConfigFileReadWrite:read:147) - key = RSOWebURLMestag
2018-02-20 15:37:00,598  INFO (main:com.aaa.report.ConfigFileReadWrite:read:146) - fileName = resources/cignitiReporter.properties
2018-02-20 15:37:00,598  INFO (main:com.aaa.report.ConfigFileReadWrite:read:147) - key = emBaseUrl
2018-02-20 15:37:00,598  INFO (main:com.aaa.report.ConfigFileReadWrite:read:146) - fileName = resources/cignitiReporter.properties
2018-02-20 15:37:00,598  INFO (main:com.aaa.report.ConfigFileReadWrite:read:147) - key = ncBaseUrl
2018-02-20 15:37:00,598  INFO (main:com.aaa.report.ConfigFileReadWrite:read:146) - fileName = resources/cignitiReporter.properties
2018-02-20 15:37:00,598  INFO (main:com.aaa.report.ConfigFileReadWrite:read:147) - key = callReceivingURL
2018-02-20 15:37:00,598  INFO (main:com.aaa.report.ConfigFileReadWrite:read:146) - fileName = resources/cignitiReporter.properties
2018-02-20 15:37:00,598  INFO (main:com.aaa.report.ConfigFileReadWrite:read:147) - key = dispatchURL
2018-02-20 15:37:00,598  INFO (main:com.aaa.report.ConfigFileReadWrite:read:146) - fileName = resources/cignitiReporter.properties
2018-02-20 15:37:00,598  INFO (main:com.aaa.report.ConfigFileReadWrite:read:147) - key = RSOWebURL
2018-02-20 15:37:00,598  INFO (main:com.aaa.report.ConfigFileReadWrite:read:146) - fileName = resources/cignitiReporter.properties
2018-02-20 15:37:00,598  INFO (main:com.aaa.report.ConfigFileReadWrite:read:147) - key = RSOWebURLMestag
2018-02-20 15:37:00,598  INFO (main:com.aaa.report.ConfigFileReadWrite:read:146) - fileName = resources/cignitiReporter.properties
2018-02-20 15:37:00,598  INFO (main:com.aaa.report.ConfigFileReadWrite:read:147) - key = emBaseUrl
2018-02-20 15:37:00,598  INFO (main:com.aaa.report.ConfigFileReadWrite:read:146) - fileName = resources/cignitiReporter.properties
2018-02-20 15:37:00,598  INFO (main:com.aaa.report.ConfigFileReadWrite:read:147) - key = ncBaseUrl
2018-02-20 15:37:00,598  INFO (main:com.aaa.report.ConfigFileReadWrite:read:146) - fileName = resources/cignitiReporter.properties
2018-02-20 15:37:00,598  INFO (main:com.aaa.report.ConfigFileReadWrite:read:147) - key = callReceivingURL
2018-02-20 15:37:00,598  INFO (main:com.aaa.report.ConfigFileReadWrite:read:146) - fileName = resources/cignitiReporter.properties
2018-02-20 15:37:00,598  INFO (main:com.aaa.report.ConfigFileReadWrite:read:147) - key = dispatchURL
2018-02-20 15:37:00,598  INFO (main:com.aaa.report.ConfigFileReadWrite:read:146) - fileName = resources/cignitiReporter.properties
2018-02-20 15:37:00,598  INFO (main:com.aaa.report.ConfigFileReadWrite:read:147) - key = RSOWebURL
2018-02-20 15:37:00,598  INFO (main:com.aaa.report.ConfigFileReadWrite:read:146) - fileName = resources/cignitiReporter.properties
2018-02-20 15:37:00,598  INFO (main:com.aaa.report.ConfigFileReadWrite:read:147) - key = RSOWebURLMestag
2018-02-20 15:37:00,598  INFO (main:com.aaa.report.ConfigFileReadWrite:read:146) - fileName = resources/cignitiReporter.properties
2018-02-20 15:37:00,598  INFO (main:com.aaa.report.ConfigFileReadWrite:read:147) - key = emBaseUrl
2018-02-20 15:37:00,598  INFO (main:com.aaa.report.ConfigFileReadWrite:read:146) - fileName = resources/cignitiReporter.properties
2018-02-20 15:37:00,598  INFO (main:com.aaa.report.ConfigFileReadWrite:read:147) - key = ncBaseUrl
2018-02-20 15:37:00,598  INFO (main:com.aaa.report.ConfigFileReadWrite:read:146) - fileName = resources/cignitiReporter.properties
2018-02-20 15:37:00,598  INFO (main:com.aaa.report.ConfigFileReadWrite:read:147) - key = callReceivingURL
2018-02-20 15:37:00,598  INFO (main:com.aaa.report.ConfigFileReadWrite:read:146) - fileName = resources/cignitiReporter.properties
2018-02-20 15:37:00,598  INFO (main:com.aaa.report.ConfigFileReadWrite:read:147) - key = dispatchURL
2018-02-20 15:37:00,598  INFO (main:com.aaa.report.ConfigFileReadWrite:read:146) - fileName = resources/cignitiReporter.properties
2018-02-20 15:37:00,598  INFO (main:com.aaa.report.ConfigFileReadWrite:read:147) - key = RSOWebURL
2018-02-20 15:37:00,598  INFO (main:com.aaa.report.ConfigFileReadWrite:read:146) - fileName = resources/cignitiReporter.properties
2018-02-20 15:37:00,598  INFO (main:com.aaa.report.ConfigFileReadWrite:read:147) - key = RSOWebURLMestag
2018-02-20 15:37:00,598  INFO (main:com.aaa.report.ConfigFileReadWrite:read:146) - fileName = resources/cignitiReporter.properties
2018-02-20 15:37:00,598  INFO (main:com.aaa.report.ConfigFileReadWrite:read:147) - key = emBaseUrl
2018-02-20 15:37:00,598  INFO (main:com.aaa.report.ConfigFileReadWrite:read:146) - fileName = resources/cignitiReporter.properties
2018-02-20 15:37:00,598  INFO (main:com.aaa.report.ConfigFileReadWrite:read:147) - key = ncBaseUrl
2018-02-20 15:37:00,598  INFO (main:com.aaa.report.ConfigFileReadWrite:read:146) - fileName = resources/cignitiReporter.properties
2018-02-20 15:37:00,598  INFO (main:com.aaa.report.ConfigFileReadWrite:read:147) - key = callReceivingURL
2018-02-20 15:37:00,598  INFO (main:com.aaa.report.ConfigFileReadWrite:read:146) - fileName = resources/cignitiReporter.properties
2018-02-20 15:37:00,598  INFO (main:com.aaa.report.ConfigFileReadWrite:read:147) - key = dispatchURL
2018-02-20 15:37:00,598  INFO (main:com.aaa.report.ConfigFileReadWrite:read:146) - fileName = resources/cignitiReporter.properties
2018-02-20 15:37:00,598  INFO (main:com.aaa.report.ConfigFileReadWrite:read:147) - key = RSOWebURL
2018-02-20 15:37:00,598  INFO (main:com.aaa.report.ConfigFileReadWrite:read:146) - fileName = resources/cignitiReporter.properties
2018-02-20 15:37:00,598  INFO (main:com.aaa.report.ConfigFileReadWrite:read:147) - key = RSOWebURLMestag
2018-02-20 15:37:00,598  INFO (main:com.aaa.report.ConfigFileReadWrite:read:146) - fileName = resources/cignitiReporter.properties
2018-02-20 15:37:00,598  INFO (main:com.aaa.report.ConfigFileReadWrite:read:147) - key = emBaseUrl
2018-02-20 15:37:00,598  INFO (main:com.aaa.report.ConfigFileReadWrite:read:146) - fileName = resources/cignitiReporter.properties
2018-02-20 15:37:00,598  INFO (main:com.aaa.report.ConfigFileReadWrite:read:147) - key = ncBaseUrl
2018-02-20 15:37:00,598  INFO (main:com.aaa.report.ConfigFileReadWrite:read:146) - fileName = resources/cignitiReporter.properties
2018-02-20 15:37:00,598  INFO (main:com.aaa.report.ConfigFileReadWrite:read:147) - key = callReceivingURL
2018-02-20 15:37:00,598  INFO (main:com.aaa.report.ConfigFileReadWrite:read:146) - fileName = resources/cignitiReporter.properties
2018-02-20 15:37:00,598  INFO (main:com.aaa.report.ConfigFileReadWrite:read:147) - key = dispatchURL
2018-02-20 15:37:00,598  INFO (main:com.aaa.report.ConfigFileReadWrite:read:146) - fileName = resources/cignitiReporter.properties
2018-02-20 15:37:00,614  INFO (main:com.aaa.report.ConfigFileReadWrite:read:147) - key = RSOWebURL
2018-02-20 15:37:00,614  INFO (main:com.aaa.report.ConfigFileReadWrite:read:146) - fileName = resources/cignitiReporter.properties
2018-02-20 15:37:00,614  INFO (main:com.aaa.report.ConfigFileReadWrite:read:147) - key = RSOWebURLMestag
2018-02-20 15:37:00,614  INFO (main:com.aaa.report.ConfigFileReadWrite:read:146) - fileName = resources/cignitiReporter.properties
2018-02-20 15:37:00,614  INFO (main:com.aaa.report.ConfigFileReadWrite:read:147) - key = emBaseUrl
2018-02-20 15:37:00,614  INFO (main:com.aaa.report.ConfigFileReadWrite:read:146) - fileName = resources/cignitiReporter.properties
2018-02-20 15:37:00,614  INFO (main:com.aaa.report.ConfigFileReadWrite:read:147) - key = ncBaseUrl
2018-02-20 15:37:00,614  INFO (main:com.aaa.report.ConfigFileReadWrite:read:146) - fileName = resources/cignitiReporter.properties
2018-02-20 15:37:00,614  INFO (main:com.aaa.report.ConfigFileReadWrite:read:147) - key = callReceivingURL
2018-02-20 15:37:00,614  INFO (main:com.aaa.report.ConfigFileReadWrite:read:146) - fileName = resources/cignitiReporter.properties
2018-02-20 15:37:00,614  INFO (main:com.aaa.report.ConfigFileReadWrite:read:147) - key = dispatchURL
2018-02-20 15:37:00,614  INFO (main:com.aaa.report.ConfigFileReadWrite:read:146) - fileName = resources/cignitiReporter.properties
2018-02-20 15:37:00,614  INFO (main:com.aaa.report.ConfigFileReadWrite:read:147) - key = RSOWebURL
2018-02-20 15:37:00,614  INFO (main:com.aaa.report.ConfigFileReadWrite:read:146) - fileName = resources/cignitiReporter.properties
2018-02-20 15:37:00,614  INFO (main:com.aaa.report.ConfigFileReadWrite:read:147) - key = RSOWebURLMestag
2018-02-20 15:37:00,614  INFO (main:com.aaa.report.ConfigFileReadWrite:read:146) - fileName = resources/cignitiReporter.properties
2018-02-20 15:37:00,614  INFO (main:com.aaa.report.ConfigFileReadWrite:read:147) - key = emBaseUrl
2018-02-20 15:37:00,614  INFO (main:com.aaa.report.ConfigFileReadWrite:read:146) - fileName = resources/cignitiReporter.properties
2018-02-20 15:37:00,614  INFO (main:com.aaa.report.ConfigFileReadWrite:read:147) - key = ncBaseUrl
2018-02-20 15:37:00,614  INFO (main:com.aaa.report.ConfigFileReadWrite:read:146) - fileName = resources/cignitiReporter.properties
2018-02-20 15:37:00,614  INFO (main:com.aaa.report.ConfigFileReadWrite:read:147) - key = callReceivingURL
2018-02-20 15:37:00,614  INFO (main:com.aaa.report.ConfigFileReadWrite:read:146) - fileName = resources/cignitiReporter.properties
2018-02-20 15:37:00,614  INFO (main:com.aaa.report.ConfigFileReadWrite:read:147) - key = dispatchURL
2018-02-20 15:37:00,614  INFO (main:com.aaa.report.ConfigFileReadWrite:read:146) - fileName = resources/cignitiReporter.properties
2018-02-20 15:37:00,614  INFO (main:com.aaa.report.ConfigFileReadWrite:read:147) - key = RSOWebURL
2018-02-20 15:37:00,614  INFO (main:com.aaa.report.ConfigFileReadWrite:read:146) - fileName = resources/cignitiReporter.properties
2018-02-20 15:37:00,614  INFO (main:com.aaa.report.ConfigFileReadWrite:read:147) - key = RSOWebURLMestag
2018-02-20 15:37:00,614  INFO (main:com.aaa.report.ConfigFileReadWrite:read:146) - fileName = resources/cignitiReporter.properties
2018-02-20 15:37:00,614  INFO (main:com.aaa.report.ConfigFileReadWrite:read:147) - key = emBaseUrl
2018-02-20 15:37:00,614  INFO (main:com.aaa.report.ConfigFileReadWrite:read:146) - fileName = resources/cignitiReporter.properties
2018-02-20 15:37:00,614  INFO (main:com.aaa.report.ConfigFileReadWrite:read:147) - key = ncBaseUrl
2018-02-20 15:37:00,614  INFO (main:com.aaa.report.ConfigFileReadWrite:read:146) - fileName = resources/cignitiReporter.properties
2018-02-20 15:37:00,614  INFO (main:com.aaa.report.ConfigFileReadWrite:read:147) - key = callReceivingURL
2018-02-20 15:37:00,614  INFO (main:com.aaa.report.ConfigFileReadWrite:read:146) - fileName = resources/cignitiReporter.properties
2018-02-20 15:37:00,614  INFO (main:com.aaa.report.ConfigFileReadWrite:read:147) - key = dispatchURL
2018-02-20 15:37:00,614  INFO (main:com.aaa.report.ConfigFileReadWrite:read:146) - fileName = resources/cignitiReporter.properties
2018-02-20 15:37:00,614  INFO (main:com.aaa.report.ConfigFileReadWrite:read:147) - key = RSOWebURL
2018-02-20 15:37:00,614  INFO (main:com.aaa.report.ConfigFileReadWrite:read:146) - fileName = resources/cignitiReporter.properties
2018-02-20 15:37:00,614  INFO (main:com.aaa.report.ConfigFileReadWrite:read:147) - key = RSOWebURLMestag
2018-02-20 15:37:00,614  INFO (main:com.aaa.report.ConfigFileReadWrite:read:146) - fileName = resources/cignitiReporter.properties
2018-02-20 15:37:00,614  INFO (main:com.aaa.report.ConfigFileReadWrite:read:147) - key = emBaseUrl
2018-02-20 15:37:00,614  INFO (main:com.aaa.report.ConfigFileReadWrite:read:146) - fileName = resources/cignitiReporter.properties
2018-02-20 15:37:00,614  INFO (main:com.aaa.report.ConfigFileReadWrite:read:147) - key = ncBaseUrl
2018-02-20 15:37:00,614  INFO (main:com.aaa.report.ConfigFileReadWrite:read:146) - fileName = resources/cignitiReporter.properties
2018-02-20 15:37:00,614  INFO (main:com.aaa.report.ConfigFileReadWrite:read:147) - key = callReceivingURL
2018-02-20 15:37:00,614  INFO (main:com.aaa.report.ConfigFileReadWrite:read:146) - fileName = resources/cignitiReporter.properties
2018-02-20 15:37:00,614  INFO (main:com.aaa.report.ConfigFileReadWrite:read:147) - key = dispatchURL
2018-02-20 15:37:00,614  INFO (main:com.aaa.report.ConfigFileReadWrite:read:146) - fileName = resources/cignitiReporter.properties
2018-02-20 15:37:00,614  INFO (main:com.aaa.report.ConfigFileReadWrite:read:147) - key = RSOWebURL
2018-02-20 15:37:00,614  INFO (main:com.aaa.report.ConfigFileReadWrite:read:146) - fileName = resources/cignitiReporter.properties
2018-02-20 15:37:00,614  INFO (main:com.aaa.report.ConfigFileReadWrite:read:147) - key = RSOWebURLMestag
2018-02-20 15:37:00,614  INFO (main:com.aaa.report.ConfigFileReadWrite:read:146) - fileName = resources/cignitiReporter.properties
2018-02-20 15:37:00,614  INFO (main:com.aaa.report.ConfigFileReadWrite:read:147) - key = emBaseUrl
2018-02-20 15:37:00,614  INFO (main:com.aaa.report.ConfigFileReadWrite:read:146) - fileName = resources/cignitiReporter.properties
2018-02-20 15:37:00,614  INFO (main:com.aaa.report.ConfigFileReadWrite:read:147) - key = ncBaseUrl
2018-02-20 15:37:00,614  INFO (main:com.aaa.report.ConfigFileReadWrite:read:146) - fileName = resources/cignitiReporter.properties
2018-02-20 15:37:00,614  INFO (main:com.aaa.report.ConfigFileReadWrite:read:147) - key = callReceivingURL
2018-02-20 15:37:00,614  INFO (main:com.aaa.report.ConfigFileReadWrite:read:146) - fileName = resources/cignitiReporter.properties
2018-02-20 15:37:00,614  INFO (main:com.aaa.report.ConfigFileReadWrite:read:147) - key = dispatchURL
2018-02-20 15:37:00,614  INFO (main:com.aaa.report.ConfigFileReadWrite:read:146) - fileName = resources/cignitiReporter.properties
2018-02-20 15:37:00,614  INFO (main:com.aaa.report.ConfigFileReadWrite:read:147) - key = RSOWebURL
2018-02-20 15:37:00,614  INFO (main:com.aaa.report.ConfigFileReadWrite:read:146) - fileName = resources/cignitiReporter.properties
2018-02-20 15:37:00,614  INFO (main:com.aaa.report.ConfigFileReadWrite:read:147) - key = RSOWebURLMestag
2018-02-20 15:37:00,614  INFO (main:com.aaa.report.ConfigFileReadWrite:read:146) - fileName = resources/cignitiReporter.properties
2018-02-20 15:37:00,614  INFO (main:com.aaa.report.ConfigFileReadWrite:read:147) - key = emBaseUrl
2018-02-20 15:37:00,614  INFO (main:com.aaa.report.ConfigFileReadWrite:read:146) - fileName = resources/cignitiReporter.properties
2018-02-20 15:37:00,614  INFO (main:com.aaa.report.ConfigFileReadWrite:read:147) - key = ncBaseUrl
2018-02-20 15:37:00,614  INFO (main:com.aaa.report.ConfigFileReadWrite:read:146) - fileName = resources/cignitiReporter.properties
2018-02-20 15:37:00,614  INFO (main:com.aaa.report.ConfigFileReadWrite:read:147) - key = callReceivingURL
2018-02-20 15:37:00,614  INFO (main:com.aaa.report.ConfigFileReadWrite:read:146) - fileName = resources/cignitiReporter.properties
2018-02-20 15:37:00,614  INFO (main:com.aaa.report.ConfigFileReadWrite:read:147) - key = dispatchURL
2018-02-20 15:37:00,614  INFO (main:com.aaa.report.ConfigFileReadWrite:read:146) - fileName = resources/cignitiReporter.properties
2018-02-20 15:37:00,614  INFO (main:com.aaa.report.ConfigFileReadWrite:read:147) - key = RSOWebURL
2018-02-20 15:37:00,614  INFO (main:com.aaa.report.ConfigFileReadWrite:read:146) - fileName = resources/cignitiReporter.properties
2018-02-20 15:37:00,614  INFO (main:com.aaa.report.ConfigFileReadWrite:read:147) - key = RSOWebURLMestag
2018-02-20 15:37:00,629  INFO (main:com.aaa.report.ConfigFileReadWrite:read:146) - fileName = resources/cignitiReporter.properties
2018-02-20 15:37:00,629  INFO (main:com.aaa.report.ConfigFileReadWrite:read:147) - key = emBaseUrl
2018-02-20 15:37:00,629  INFO (main:com.aaa.report.ConfigFileReadWrite:read:146) - fileName = resources/cignitiReporter.properties
2018-02-20 15:37:00,629  INFO (main:com.aaa.report.ConfigFileReadWrite:read:147) - key = ncBaseUrl
2018-02-20 15:37:00,629  INFO (main:com.aaa.report.ConfigFileReadWrite:read:146) - fileName = resources/cignitiReporter.properties
2018-02-20 15:37:00,629  INFO (main:com.aaa.report.ConfigFileReadWrite:read:147) - key = callReceivingURL
2018-02-20 15:37:00,629  INFO (main:com.aaa.report.ConfigFileReadWrite:read:146) - fileName = resources/cignitiReporter.properties
2018-02-20 15:37:00,629  INFO (main:com.aaa.report.ConfigFileReadWrite:read:147) - key = dispatchURL
2018-02-20 15:37:00,629  INFO (main:com.aaa.report.ConfigFileReadWrite:read:146) - fileName = resources/cignitiReporter.properties
2018-02-20 15:37:00,629  INFO (main:com.aaa.report.ConfigFileReadWrite:read:147) - key = RSOWebURL
2018-02-20 15:37:00,629  INFO (main:com.aaa.report.ConfigFileReadWrite:read:146) - fileName = resources/cignitiReporter.properties
2018-02-20 15:37:00,629  INFO (main:com.aaa.report.ConfigFileReadWrite:read:147) - key = RSOWebURLMestag
2018-02-20 15:37:01,239  INFO (main:com.aaa.accelerators.TestEngineWeb:beforeSuite:135) - 
2018-02-20 15:37:01,239  INFO (main:com.aaa.accelerators.TestEngineWeb:beforeSuite:136) - --------------------------------------------------------------------------
2018-02-20 15:37:01,239  INFO (main:com.aaa.accelerators.TestEngineWeb:beforeSuite:137) - ------------------Suite :: Regression------------------------------
2018-02-20 15:37:01,239  INFO (main:com.aaa.accelerators.TestEngineWeb:beforeSuite:138) - Execution Start Time :: 1519121221239
2018-02-20 15:37:01,239  INFO (main:com.aaa.accelerators.TestEngineWeb:beforeSuite:139) - Test Data Path :: C:\Automation\GoogleSheet\AAA_MERGE_19_FEB/TestData/TestData.xls
2018-02-20 15:37:01,239  INFO (main:com.aaa.accelerators.TestEngineWeb:beforeSuite:140) - Executing on :: null
2018-02-20 15:37:01,239  INFO (main:com.aaa.accelerators.TestEngineWeb:beforeSuite:141) - ---------------------------End Suite Details-----------------------------------
